<?xml version="1.0" encoding="UTF-8"?>
<!-- Generated by org.testng.reporters.JUnitReportReporter -->
<testsuite hostname="dac31" failures="0" tests="1" name="basic.TestAmazonSearch" time="32.427" errors="0" timestamp="2024-01-16T09:38:25 IST" skipped="0">
  <testcase classname="basic.TestAmazonSearch" name="performTest" time="32.427"/>
</testsuite> <!-- basic.TestAmazonSearch -->
