<?xml version="1.0" encoding="UTF-8"?>
<!-- Generated by org.testng.reporters.JUnitReportReporter -->
<testsuite hostname="dac31" failures="0" tests="1" name="basic.TestAmazonSearch" time="14.457" errors="0" timestamp="2024-01-16T09:19:47 IST" skipped="0">
  <testcase classname="basic.TestAmazonSearch" name="performTest" time="14.457"/>
</testsuite> <!-- basic.TestAmazonSearch -->
